2024-07-27 15:15:12,114 - TestXperbotlogin - INFO - Test Started
2024-07-27 15:15:12,114 - TestXperbotlogin - INFO - Sent Driver
2024-07-27 15:15:12,123 - Xpertbbotlogin - INFO - Location email
2024-07-27 15:15:12,205 - Xpertbbotlogin - INFO - Sent username
2024-07-27 15:15:40,880 - TestXperbotlogin - INFO - Sent Data
2024-07-27 15:15:40,890 - TestXperbotlogin - INFO - Test Started
2024-07-27 15:15:40,891 - TestXperbotlogin - INFO - Sent Driver
2024-07-27 15:15:40,898 - Xpertbbotlogin - INFO - Location email
2024-07-27 15:15:40,898 - Xpertbbotlogin - INFO - Location email
2024-07-27 15:15:40,951 - Xpertbbotlogin - INFO - Sent username
2024-07-27 15:15:40,951 - Xpertbbotlogin - INFO - Sent username
2024-07-27 15:15:44,148 - TestXperbotlogin - INFO - Test Started
2024-07-27 15:15:44,148 - TestXperbotlogin - INFO - Sent Driver
2024-07-27 15:15:44,155 - Xpertbbotlogin - INFO - Location email
2024-07-27 15:15:44,155 - Xpertbbotlogin - INFO - Location email
2024-07-27 15:15:44,155 - Xpertbbotlogin - INFO - Location email
2024-07-27 15:15:44,225 - Xpertbbotlogin - INFO - Sent username
2024-07-27 15:15:44,225 - Xpertbbotlogin - INFO - Sent username
2024-07-27 15:15:44,225 - Xpertbbotlogin - INFO - Sent username
2024-07-27 15:17:01,147 - TestXperbotlogin - INFO - Test Started
2024-07-27 15:17:01,147 - TestXperbotlogin - INFO - Sent Driver
2024-07-27 15:17:01,147 - Xpertbbotlogin - INFO - Location email
2024-07-27 15:17:01,242 - Xpertbbotlogin - INFO - Sent username
2024-07-27 15:17:14,937 - TestXperbotlogin - INFO - Sent Data
2024-07-27 15:17:14,941 - TestXperbotlogin - INFO - Test Started
2024-07-27 15:17:14,941 - TestXperbotlogin - INFO - Sent Driver
2024-07-27 15:17:14,945 - Xpertbbotlogin - INFO - Location email
2024-07-27 15:17:14,945 - Xpertbbotlogin - INFO - Location email
2024-07-27 15:17:14,991 - Xpertbbotlogin - INFO - Sent username
2024-07-27 15:17:14,991 - Xpertbbotlogin - INFO - Sent username
2024-07-27 15:17:18,140 - TestXperbotlogin - INFO - Test Started
2024-07-27 15:17:18,140 - TestXperbotlogin - INFO - Sent Driver
2024-07-27 15:17:18,140 - Xpertbbotlogin - INFO - Location email
2024-07-27 15:17:18,140 - Xpertbbotlogin - INFO - Location email
2024-07-27 15:17:18,140 - Xpertbbotlogin - INFO - Location email
2024-07-27 15:17:18,252 - Xpertbbotlogin - INFO - Sent username
2024-07-27 15:17:18,252 - Xpertbbotlogin - INFO - Sent username
2024-07-27 15:17:18,252 - Xpertbbotlogin - INFO - Sent username
